mode: set
github.com/machship/flag/extras.go:19.52,24.28 3 1
github.com/machship/flag/extras.go:24.28,26.12 2 1
github.com/machship/flag/extras.go:26.12,27.12 1 0
github.com/machship/flag/extras.go:29.3,29.32 1 1
github.com/machship/flag/extras.go:32.2,32.25 1 1
github.com/machship/flag/extras.go:32.25,35.10 3 1
github.com/machship/flag/extras.go:35.10,36.12 1 1
github.com/machship/flag/extras.go:39.3,40.20 2 1
github.com/machship/flag/extras.go:40.20,41.37 1 0
github.com/machship/flag/extras.go:41.37,44.5 2 0
github.com/machship/flag/extras.go:45.4,45.77 1 0
github.com/machship/flag/extras.go:48.3,49.24 2 1
github.com/machship/flag/extras.go:49.24,51.4 1 1
github.com/machship/flag/extras.go:52.3,55.13 3 1
github.com/machship/flag/extras.go:55.13,56.12 1 1
github.com/machship/flag/extras.go:59.3,60.21 2 1
github.com/machship/flag/extras.go:60.21,62.4 1 1
github.com/machship/flag/extras.go:64.3,64.61 1 1
github.com/machship/flag/extras.go:64.61,65.16 1 1
github.com/machship/flag/extras.go:65.16,66.41 1 1
github.com/machship/flag/extras.go:66.41,68.6 1 1
github.com/machship/flag/extras.go:69.10,72.5 1 1
github.com/machship/flag/extras.go:73.9,74.48 1 1
github.com/machship/flag/extras.go:74.48,76.5 1 1
github.com/machship/flag/extras.go:80.3,80.22 1 1
github.com/machship/flag/extras.go:80.22,82.4 1 1
github.com/machship/flag/extras.go:83.3,83.24 1 1
github.com/machship/flag/extras.go:86.2,86.12 1 1
github.com/machship/flag/extras.go:91.96,95.2 3 1
github.com/machship/flag/extras.go:105.48,109.16 2 1
github.com/machship/flag/extras.go:109.16,111.3 1 1
github.com/machship/flag/extras.go:112.2,115.21 3 1
github.com/machship/flag/extras.go:115.21,119.21 2 1
github.com/machship/flag/extras.go:119.21,120.12 1 1
github.com/machship/flag/extras.go:124.3,124.22 1 1
github.com/machship/flag/extras.go:124.22,125.12 1 1
github.com/machship/flag/extras.go:129.3,131.26 3 1
github.com/machship/flag/extras.go:131.26,132.28 1 1
github.com/machship/flag/extras.go:132.28,135.10 3 1
github.com/machship/flag/extras.go:139.3,139.24 1 1
github.com/machship/flag/extras.go:139.24,141.4 1 1
github.com/machship/flag/extras.go:144.3,144.28 1 1
github.com/machship/flag/extras.go:144.28,145.12 1 1
github.com/machship/flag/extras.go:148.3,150.20 3 1
github.com/machship/flag/extras.go:150.20,151.37 1 1
github.com/machship/flag/extras.go:151.37,154.5 2 1
github.com/machship/flag/extras.go:155.4,155.79 1 1
github.com/machship/flag/extras.go:158.3,158.61 1 1
github.com/machship/flag/extras.go:158.61,159.16 1 1
github.com/machship/flag/extras.go:159.16,160.41 1 1
github.com/machship/flag/extras.go:160.41,162.6 1 1
github.com/machship/flag/extras.go:163.10,166.5 1 1
github.com/machship/flag/extras.go:167.9,168.48 1 1
github.com/machship/flag/extras.go:168.48,170.5 1 1
github.com/machship/flag/extras.go:174.3,174.22 1 1
github.com/machship/flag/extras.go:174.22,176.4 1 1
github.com/machship/flag/extras.go:177.3,177.24 1 1
github.com/machship/flag/extras.go:180.2,180.38 1 1
github.com/machship/flag/extras.go:180.38,182.3 1 1
github.com/machship/flag/extras.go:184.2,184.12 1 1
github.com/machship/flag/flag.go:112.49,115.2 2 1
github.com/machship/flag/flag.go:117.41,121.2 3 1
github.com/machship/flag/flag.go:123.39,123.58 1 1
github.com/machship/flag/flag.go:125.37,125.69 1 1
github.com/machship/flag/flag.go:127.39,127.54 1 1
github.com/machship/flag/flag.go:139.45,142.2 2 1
github.com/machship/flag/flag.go:144.40,148.2 3 1
github.com/machship/flag/flag.go:150.38,150.56 1 1
github.com/machship/flag/flag.go:152.36,152.68 1 1
github.com/machship/flag/flag.go:157.53,160.2 2 1
github.com/machship/flag/flag.go:162.42,166.2 3 1
github.com/machship/flag/flag.go:168.40,168.60 1 1
github.com/machship/flag/flag.go:170.38,170.70 1 1
github.com/machship/flag/flag.go:175.49,178.2 2 1
github.com/machship/flag/flag.go:180.41,184.2 3 1
github.com/machship/flag/flag.go:186.39,186.58 1 1
github.com/machship/flag/flag.go:188.37,188.69 1 1
github.com/machship/flag/flag.go:193.57,196.2 2 1
github.com/machship/flag/flag.go:198.43,202.2 3 1
github.com/machship/flag/flag.go:204.41,204.62 1 1
github.com/machship/flag/flag.go:206.39,206.71 1 1
github.com/machship/flag/flag.go:211.57,214.2 2 1
github.com/machship/flag/flag.go:216.45,219.2 2 1
github.com/machship/flag/flag.go:221.41,221.62 1 1
github.com/machship/flag/flag.go:223.39,223.71 1 1
github.com/machship/flag/flag.go:228.61,231.2 2 1
github.com/machship/flag/flag.go:233.44,237.2 3 1
github.com/machship/flag/flag.go:239.42,239.64 1 1
github.com/machship/flag/flag.go:241.40,241.72 1 1
github.com/machship/flag/flag.go:246.75,249.2 2 1
github.com/machship/flag/flag.go:251.45,255.2 3 1
github.com/machship/flag/flag.go:257.43,257.71 1 1
github.com/machship/flag/flag.go:259.41,259.80 1 1
github.com/machship/flag/flag.go:266.48,267.13 1 1
github.com/machship/flag/flag.go:267.13,269.3 1 0
github.com/machship/flag/flag.go:271.2,275.96 4 1
github.com/machship/flag/flag.go:275.96,277.3 1 1
github.com/machship/flag/flag.go:278.2,278.12 1 1
github.com/machship/flag/flag.go:278.12,280.3 1 1
github.com/machship/flag/flag.go:281.2,284.16 4 1
github.com/machship/flag/flag.go:284.16,286.3 1 0
github.com/machship/flag/flag.go:287.2,288.14 2 1
github.com/machship/flag/flag.go:289.15,290.11 1 1
github.com/machship/flag/flag.go:291.17,292.14 1 1
github.com/machship/flag/flag.go:293.19,294.14 1 1
github.com/machship/flag/flag.go:295.17,296.21 1 1
github.com/machship/flag/flag.go:297.19,298.21 1 1
github.com/machship/flag/flag.go:299.17,300.28 1 1
github.com/machship/flag/flag.go:301.19,302.28 1 1
github.com/machship/flag/flag.go:303.17,304.35 1 1
github.com/machship/flag/flag.go:305.19,306.35 1 1
github.com/machship/flag/flag.go:307.10,308.56 1 1
github.com/machship/flag/flag.go:310.2,310.32 1 1
github.com/machship/flag/flag.go:315.65,318.2 2 1
github.com/machship/flag/flag.go:319.45,321.16 2 1
github.com/machship/flag/flag.go:321.16,323.3 1 0
github.com/machship/flag/flag.go:324.2,325.12 2 1
github.com/machship/flag/flag.go:327.41,328.16 1 1
github.com/machship/flag/flag.go:328.16,330.3 1 0
github.com/machship/flag/flag.go:331.2,331.32 1 1
github.com/machship/flag/flag.go:333.43,333.58 1 1
github.com/machship/flag/flag.go:341.74,344.2 2 1
github.com/machship/flag/flag.go:345.42,347.16 2 1
github.com/machship/flag/flag.go:347.16,349.3 1 0
github.com/machship/flag/flag.go:350.2,351.12 2 1
github.com/machship/flag/flag.go:353.38,354.34 1 1
github.com/machship/flag/flag.go:354.34,356.3 1 1
github.com/machship/flag/flag.go:357.2,357.31 1 1
github.com/machship/flag/flag.go:359.40,359.56 1 1
github.com/machship/flag/flag.go:364.77,367.2 2 1
github.com/machship/flag/flag.go:368.45,370.16 2 1
github.com/machship/flag/flag.go:370.16,372.3 1 0
github.com/machship/flag/flag.go:373.2,374.12 2 1
github.com/machship/flag/flag.go:376.41,377.17 1 1
github.com/machship/flag/flag.go:377.17,379.3 1 0
github.com/machship/flag/flag.go:380.2,380.22 1 1
github.com/machship/flag/flag.go:382.43,382.59 1 1
github.com/machship/flag/flag.go:387.49,387.84 2 1
github.com/machship/flag/flag.go:388.40,390.15 2 1
github.com/machship/flag/flag.go:390.15,392.3 1 0
github.com/machship/flag/flag.go:393.2,394.12 2 1
github.com/machship/flag/flag.go:396.36,397.33 1 1
github.com/machship/flag/flag.go:397.33,399.3 1 1
github.com/machship/flag/flag.go:400.2,400.22 1 1
github.com/machship/flag/flag.go:402.38,402.54 1 1
github.com/machship/flag/flag.go:407.62,408.16 1 1
github.com/machship/flag/flag.go:408.16,410.3 1 1
github.com/machship/flag/flag.go:411.2,411.26 1 1
github.com/machship/flag/flag.go:413.43,415.16 2 1
github.com/machship/flag/flag.go:415.16,417.3 1 0
github.com/machship/flag/flag.go:418.2,419.12 2 1
github.com/machship/flag/flag.go:421.39,422.35 1 1
github.com/machship/flag/flag.go:422.35,424.3 1 1
github.com/machship/flag/flag.go:425.2,425.22 1 1
github.com/machship/flag/flag.go:427.41,427.57 1 1
github.com/machship/flag/flag.go:432.60,433.16 1 1
github.com/machship/flag/flag.go:433.16,435.3 1 1
github.com/machship/flag/flag.go:436.2,436.24 1 1
github.com/machship/flag/flag.go:438.41,440.16 2 1
github.com/machship/flag/flag.go:440.16,442.3 1 0
github.com/machship/flag/flag.go:443.2,444.12 2 1
github.com/machship/flag/flag.go:446.37,447.36 1 1
github.com/machship/flag/flag.go:447.36,449.3 1 1
github.com/machship/flag/flag.go:450.2,450.22 1 1
github.com/machship/flag/flag.go:452.39,452.55 1 1
github.com/machship/flag/flag.go:457.59,457.96 2 1
github.com/machship/flag/flag.go:458.42,460.16 2 1
github.com/machship/flag/flag.go:460.16,462.3 1 0
github.com/machship/flag/flag.go:463.2,464.12 2 1
github.com/machship/flag/flag.go:466.38,467.17 1 1
github.com/machship/flag/flag.go:467.17,469.3 1 0
github.com/machship/flag/flag.go:470.2,470.22 1 1
github.com/machship/flag/flag.go:472.40,472.56 1 1
github.com/machship/flag/flag.go:477.60,478.16 1 1
github.com/machship/flag/flag.go:478.16,480.3 1 1
github.com/machship/flag/flag.go:481.2,481.27 1 1
github.com/machship/flag/flag.go:483.44,484.40 1 1
github.com/machship/flag/flag.go:484.40,486.3 1 0
github.com/machship/flag/flag.go:487.2,487.12 1 1
github.com/machship/flag/flag.go:489.40,490.17 1 1
github.com/machship/flag/flag.go:490.17,492.3 1 0
github.com/machship/flag/flag.go:493.2,493.22 1 1
github.com/machship/flag/flag.go:495.42,495.58 1 1
github.com/machship/flag/flag.go:500.60,501.16 1 1
github.com/machship/flag/flag.go:501.16,503.3 1 1
github.com/machship/flag/flag.go:504.2,504.27 1 1
github.com/machship/flag/flag.go:506.44,507.37 1 1
github.com/machship/flag/flag.go:507.37,509.3 1 0
github.com/machship/flag/flag.go:510.2,510.12 1 1
github.com/machship/flag/flag.go:512.40,513.17 1 1
github.com/machship/flag/flag.go:513.17,515.3 1 0
github.com/machship/flag/flag.go:516.2,516.25 1 1
github.com/machship/flag/flag.go:518.42,518.58 1 1
github.com/machship/flag/flag.go:523.73,526.2 2 1
github.com/machship/flag/flag.go:527.44,529.16 2 1
github.com/machship/flag/flag.go:529.16,531.3 1 0
github.com/machship/flag/flag.go:532.2,533.12 2 1
github.com/machship/flag/flag.go:535.40,536.33 1 1
github.com/machship/flag/flag.go:536.33,538.3 1 1
github.com/machship/flag/flag.go:539.2,539.25 1 1
github.com/machship/flag/flag.go:541.42,542.33 1 1
github.com/machship/flag/flag.go:542.33,544.3 1 0
github.com/machship/flag/flag.go:545.2,545.14 1 1
github.com/machship/flag/flag.go:554.83,557.2 2 1
github.com/machship/flag/flag.go:558.49,562.2 3 1
github.com/machship/flag/flag.go:563.45,564.17 1 1
github.com/machship/flag/flag.go:564.17,566.3 1 0
github.com/machship/flag/flag.go:567.2,567.36 1 1
github.com/machship/flag/flag.go:569.47,569.63 1 1
github.com/machship/flag/flag.go:577.101,580.2 2 1
github.com/machship/flag/flag.go:581.51,584.29 3 1
github.com/machship/flag/flag.go:584.29,586.17 2 1
github.com/machship/flag/flag.go:586.17,588.4 1 0
github.com/machship/flag/flag.go:589.3,589.23 1 1
github.com/machship/flag/flag.go:591.2,592.12 2 1
github.com/machship/flag/flag.go:594.47,595.17 1 1
github.com/machship/flag/flag.go:595.17,597.3 1 0
github.com/machship/flag/flag.go:598.2,599.26 2 1
github.com/machship/flag/flag.go:599.26,601.3 1 1
github.com/machship/flag/flag.go:602.2,602.33 1 1
github.com/machship/flag/flag.go:604.49,604.65 1 1
github.com/machship/flag/flag.go:609.85,612.2 2 1
github.com/machship/flag/flag.go:613.47,615.32 2 1
github.com/machship/flag/flag.go:615.32,617.27 2 1
github.com/machship/flag/flag.go:617.27,619.20 2 1
github.com/machship/flag/flag.go:619.20,621.5 1 0
github.com/machship/flag/flag.go:622.4,622.20 1 1
github.com/machship/flag/flag.go:625.2,626.12 2 1
github.com/machship/flag/flag.go:628.43,629.17 1 1
github.com/machship/flag/flag.go:629.17,631.3 1 0
github.com/machship/flag/flag.go:632.2,633.26 2 1
github.com/machship/flag/flag.go:633.26,635.3 1 1
github.com/machship/flag/flag.go:636.2,637.33 2 1
github.com/machship/flag/flag.go:639.45,639.61 1 1
github.com/machship/flag/flag.go:644.71,647.2 2 1
github.com/machship/flag/flag.go:648.42,651.48 3 1
github.com/machship/flag/flag.go:651.48,653.3 1 0
github.com/machship/flag/flag.go:654.2,655.12 2 1
github.com/machship/flag/flag.go:657.38,658.17 1 1
github.com/machship/flag/flag.go:658.17,660.3 1 1
github.com/machship/flag/flag.go:661.2,661.22 1 1
github.com/machship/flag/flag.go:663.40,663.56 1 1
github.com/machship/flag/flag.go:671.83,674.28 3 1
github.com/machship/flag/flag.go:674.28,676.3 1 1
github.com/machship/flag/flag.go:677.2,677.43 1 1
github.com/machship/flag/flag.go:679.48,680.33 1 1
github.com/machship/flag/flag.go:680.33,682.3 1 1
github.com/machship/flag/flag.go:683.2,684.12 2 1
github.com/machship/flag/flag.go:686.44,687.17 1 1
github.com/machship/flag/flag.go:687.17,689.3 1 0
github.com/machship/flag/flag.go:690.2,690.14 1 1
github.com/machship/flag/flag.go:692.46,692.62 1 1
github.com/machship/flag/flag.go:694.41,696.19 2 1
github.com/machship/flag/flag.go:696.19,698.3 1 1
github.com/machship/flag/flag.go:699.2,700.30 2 1
github.com/machship/flag/flag.go:704.87,706.2 1 1
github.com/machship/flag/flag.go:707.74,709.2 1 1
github.com/machship/flag/flag.go:712.85,716.2 3 1
github.com/machship/flag/flag.go:717.72,719.2 1 1
github.com/machship/flag/flag.go:721.93,722.18 1 1
github.com/machship/flag/flag.go:722.18,724.3 1 0
github.com/machship/flag/flag.go:725.2,725.52 1 1
github.com/machship/flag/flag.go:727.80,729.2 1 1
github.com/machship/flag/flag.go:730.87,734.2 3 1
github.com/machship/flag/flag.go:735.74,737.2 1 1
github.com/machship/flag/flag.go:739.100,741.2 1 1
github.com/machship/flag/flag.go:742.87,744.2 1 1
github.com/machship/flag/flag.go:745.94,749.2 3 1
github.com/machship/flag/flag.go:750.81,752.2 1 1
github.com/machship/flag/flag.go:754.77,756.2 1 1
github.com/machship/flag/flag.go:757.64,759.2 1 1
github.com/machship/flag/flag.go:760.71,764.2 3 1
github.com/machship/flag/flag.go:765.58,765.103 1 1
github.com/machship/flag/flag.go:767.87,769.2 1 1
github.com/machship/flag/flag.go:770.74,772.2 1 1
github.com/machship/flag/flag.go:773.81,777.2 3 1
github.com/machship/flag/flag.go:778.68,780.2 1 1
github.com/machship/flag/flag.go:782.87,784.2 1 1
github.com/machship/flag/flag.go:785.74,787.2 1 1
github.com/machship/flag/flag.go:788.81,792.2 3 1
github.com/machship/flag/flag.go:793.68,795.2 1 1
github.com/machship/flag/flag.go:797.85,799.2 1 1
github.com/machship/flag/flag.go:800.72,802.2 1 1
github.com/machship/flag/flag.go:803.79,807.2 3 1
github.com/machship/flag/flag.go:808.66,810.2 1 1
github.com/machship/flag/flag.go:812.84,813.18 1 1
github.com/machship/flag/flag.go:813.18,815.3 1 1
github.com/machship/flag/flag.go:816.2,816.46 1 1
github.com/machship/flag/flag.go:818.71,820.2 1 1
github.com/machship/flag/flag.go:821.78,825.2 3 1
github.com/machship/flag/flag.go:826.65,828.2 1 1
github.com/machship/flag/flag.go:830.84,831.18 1 1
github.com/machship/flag/flag.go:831.18,833.3 1 1
github.com/machship/flag/flag.go:834.2,834.46 1 1
github.com/machship/flag/flag.go:836.71,838.2 1 1
github.com/machship/flag/flag.go:839.78,843.2 3 1
github.com/machship/flag/flag.go:844.65,846.2 1 1
github.com/machship/flag/flag.go:848.97,850.2 1 1
github.com/machship/flag/flag.go:851.84,853.2 1 1
github.com/machship/flag/flag.go:854.91,858.2 3 1
github.com/machship/flag/flag.go:859.78,861.2 1 1
github.com/machship/flag/flag.go:863.95,864.15 1 1
github.com/machship/flag/flag.go:864.15,866.3 1 0
github.com/machship/flag/flag.go:867.2,867.56 1 1
github.com/machship/flag/flag.go:869.82,871.2 1 1
github.com/machship/flag/flag.go:872.89,876.2 3 1
github.com/machship/flag/flag.go:877.76,879.2 1 1
github.com/machship/flag/flag.go:881.111,882.15 1 1
github.com/machship/flag/flag.go:882.15,884.3 1 0
github.com/machship/flag/flag.go:885.2,885.58 1 1
github.com/machship/flag/flag.go:887.98,889.2 1 1
github.com/machship/flag/flag.go:890.105,894.2 3 1
github.com/machship/flag/flag.go:895.92,897.2 1 1
github.com/machship/flag/flag.go:899.106,901.2 1 1
github.com/machship/flag/flag.go:902.93,904.2 1 1
github.com/machship/flag/flag.go:905.100,909.2 3 1
github.com/machship/flag/flag.go:910.87,912.2 1 1
github.com/machship/flag/flag.go:914.97,916.2 1 1
github.com/machship/flag/flag.go:917.84,919.2 1 1
github.com/machship/flag/flag.go:920.91,924.2 3 1
github.com/machship/flag/flag.go:925.78,927.2 1 1
github.com/machship/flag/flag.go:930.97,933.28 2 1
github.com/machship/flag/flag.go:933.28,935.14 2 1
github.com/machship/flag/flag.go:935.14,937.4 1 1
github.com/machship/flag/flag.go:939.2,939.56 1 1
github.com/machship/flag/flag.go:941.84,943.2 1 1
github.com/machship/flag/flag.go:944.91,948.2 3 1
github.com/machship/flag/flag.go:949.78,951.2 1 1
github.com/machship/flag/flag.go:981.63,985.18 3 1
github.com/machship/flag/flag.go:985.18,987.19 2 1
github.com/machship/flag/flag.go:987.19,989.4 1 1
github.com/machship/flag/flag.go:989.9,991.4 1 1
github.com/machship/flag/flag.go:992.3,993.13 2 1
github.com/machship/flag/flag.go:995.2,995.21 1 1
github.com/machship/flag/flag.go:995.21,997.3 1 1
github.com/machship/flag/flag.go:998.2,998.23 1 1
github.com/machship/flag/flag.go:1007.50,1007.89 1 1
github.com/machship/flag/flag.go:1011.64,1016.2 4 1
github.com/machship/flag/flag.go:1020.27,1021.20 1 1
github.com/machship/flag/flag.go:1021.20,1022.23 1 1
github.com/machship/flag/flag.go:1022.23,1024.4 1 1
github.com/machship/flag/flag.go:1024.9,1026.4 1 1
github.com/machship/flag/flag.go:1027.8,1029.3 1 1
github.com/machship/flag/flag.go:1033.44,1034.22 1 1
github.com/machship/flag/flag.go:1034.22,1036.3 1 1
github.com/machship/flag/flag.go:1037.2,1038.47 2 1
github.com/machship/flag/flag.go:1038.47,1040.3 1 1
github.com/machship/flag/flag.go:1041.2,1042.17 2 1
github.com/machship/flag/flag.go:1042.17,1044.18 2 1
github.com/machship/flag/flag.go:1044.18,1047.4 2 1
github.com/machship/flag/flag.go:1049.2,1050.56 2 1
github.com/machship/flag/flag.go:1050.56,1052.3 1 1
github.com/machship/flag/flag.go:1054.2,1054.38 1 1
github.com/machship/flag/flag.go:1054.38,1056.3 1 1
github.com/machship/flag/flag.go:1058.2,1061.33 4 1
github.com/machship/flag/flag.go:1061.33,1062.21 1 1
github.com/machship/flag/flag.go:1062.21,1066.9 4 1
github.com/machship/flag/flag.go:1069.2,1071.19 3 1
github.com/machship/flag/flag.go:1071.19,1072.36 1 1
github.com/machship/flag/flag.go:1072.36,1075.4 2 1
github.com/machship/flag/flag.go:1076.3,1076.68 1 1
github.com/machship/flag/flag.go:1078.2,1078.60 1 1
github.com/machship/flag/flag.go:1078.60,1079.15 1 1
github.com/machship/flag/flag.go:1079.15,1080.40 1 1
github.com/machship/flag/flag.go:1080.40,1082.5 1 1
github.com/machship/flag/flag.go:1083.9,1084.41 1 1
github.com/machship/flag/flag.go:1084.41,1086.5 1 1
github.com/machship/flag/flag.go:1088.8,1090.35 1 1
github.com/machship/flag/flag.go:1090.35,1093.4 2 1
github.com/machship/flag/flag.go:1094.3,1094.16 1 1
github.com/machship/flag/flag.go:1094.16,1096.4 1 1
github.com/machship/flag/flag.go:1097.3,1097.47 1 1
github.com/machship/flag/flag.go:1097.47,1099.4 1 1
github.com/machship/flag/flag.go:1101.2,1101.21 1 1
github.com/machship/flag/flag.go:1101.21,1103.3 1 1
github.com/machship/flag/flag.go:1104.2,1105.18 2 1
github.com/machship/flag/flag.go:1112.51,1115.6 3 1
github.com/machship/flag/flag.go:1115.6,1117.11 2 1
github.com/machship/flag/flag.go:1117.11,1118.12 1 1
github.com/machship/flag/flag.go:1120.3,1120.17 1 1
github.com/machship/flag/flag.go:1120.17,1121.9 1 1
github.com/machship/flag/flag.go:1123.3,1123.26 1 1
github.com/machship/flag/flag.go:1124.24,1125.14 1 1
github.com/machship/flag/flag.go:1126.20,1127.15 1 1
github.com/machship/flag/flag.go:1128.21,1129.14 1 0
github.com/machship/flag/flag.go:1132.2,1132.49 1 1
github.com/machship/flag/flag.go:1132.49,1133.26 1 1
github.com/machship/flag/flag.go:1134.24,1135.14 1 1
github.com/machship/flag/flag.go:1136.20,1137.15 1 0
github.com/machship/flag/flag.go:1138.21,1139.14 1 0
github.com/machship/flag/flag.go:1141.3,1141.13 1 0
github.com/machship/flag/flag.go:1143.2,1144.54 2 1
github.com/machship/flag/flag.go:1144.54,1146.3 1 1
github.com/machship/flag/flag.go:1147.2,1147.54 1 1
github.com/machship/flag/flag.go:1147.54,1149.3 1 1
github.com/machship/flag/flag.go:1150.2,1150.17 1 1
github.com/machship/flag/flag.go:1150.17,1151.44 1 1
github.com/machship/flag/flag.go:1151.44,1152.27 1 1
github.com/machship/flag/flag.go:1153.25,1154.15 1 1
github.com/machship/flag/flag.go:1155.21,1156.16 1 0
github.com/machship/flag/flag.go:1157.22,1158.15 1 0
github.com/machship/flag/flag.go:1160.4,1160.14 1 0
github.com/machship/flag/flag.go:1163.2,1163.12 1 1
github.com/machship/flag/flag.go:1167.33,1167.52 1 1
github.com/machship/flag/flag.go:1171.14,1171.48 1 1
github.com/machship/flag/flag.go:1174.20,1174.51 1 1
github.com/machship/flag/flag.go:1183.68,1186.2 2 1
github.com/machship/flag/flag.go:1191.66,1195.2 3 1
github.com/machship/flag/flag.go:1234.48,1237.26 3 1
github.com/machship/flag/flag.go:1237.26,1240.3 2 1
github.com/machship/flag/flag.go:1241.2,1243.28 3 1
github.com/machship/flag/flag.go:1243.28,1245.3 1 1
github.com/machship/flag/flag.go:1246.2,1246.15 1 1
github.com/machship/flag/flag.go:1249.35,1250.21 1 1
github.com/machship/flag/flag.go:1250.21,1252.3 1 1
github.com/machship/flag/flag.go:1253.2,1253.17 1 1
github.com/machship/flag/flag.go:1258.47,1260.2 1 1
github.com/machship/flag/flag.go:1264.44,1265.43 1 1
github.com/machship/flag/flag.go:1265.43,1267.3 1 1
github.com/machship/flag/flag.go:1272.31,1274.2 1 1
github.com/machship/flag/flag.go:1278.41,1279.43 1 1
github.com/machship/flag/flag.go:1279.43,1281.3 1 1
github.com/machship/flag/flag.go:1286.28,1288.2 1 1
github.com/machship/flag/flag.go:1291.45,1293.2 1 1
github.com/machship/flag/flag.go:1297.32,1299.2 1 1
github.com/machship/flag/flag.go:1302.49,1304.9 2 1
github.com/machship/flag/flag.go:1304.9,1306.3 1 1
github.com/machship/flag/flag.go:1307.2,1308.16 2 1
github.com/machship/flag/flag.go:1308.16,1310.3 1 1
github.com/machship/flag/flag.go:1311.2,1311.21 1 1
github.com/machship/flag/flag.go:1311.21,1313.3 1 1
github.com/machship/flag/flag.go:1314.2,1315.12 2 1
github.com/machship/flag/flag.go:1319.36,1321.2 1 1
github.com/machship/flag/flag.go:1325.49,1331.31 3 1
github.com/machship/flag/flag.go:1331.31,1333.3 1 1
github.com/machship/flag/flag.go:1333.8,1335.3 1 1
github.com/machship/flag/flag.go:1336.2,1336.45 1 1
github.com/machship/flag/flag.go:1336.45,1338.3 1 1
github.com/machship/flag/flag.go:1340.2,1340.15 1 1
github.com/machship/flag/flag.go:1341.15,1342.14 1 0
github.com/machship/flag/flag.go:1343.10,1344.14 1 0
github.com/machship/flag/flag.go:1345.11,1346.14 1 1
github.com/machship/flag/flag.go:1348.2,1348.14 1 1
github.com/machship/flag/flag.go:1356.59,1359.34 2 1
github.com/machship/flag/flag.go:1359.34,1360.22 1 1
github.com/machship/flag/flag.go:1360.22,1361.40 1 1
github.com/machship/flag/flag.go:1361.40,1362.24 1 1
github.com/machship/flag/flag.go:1362.24,1366.6 3 1
github.com/machship/flag/flag.go:1368.4,1368.9 1 1
github.com/machship/flag/flag.go:1372.2,1373.27 2 1
github.com/machship/flag/flag.go:1374.16,1375.12 1 1
github.com/machship/flag/flag.go:1376.22,1377.20 1 1
github.com/machship/flag/flag.go:1378.21,1379.17 1 1
github.com/machship/flag/flag.go:1380.30,1381.15 1 1
github.com/machship/flag/flag.go:1382.20,1383.18 1 1
github.com/machship/flag/flag.go:1384.32,1385.16 1 1
github.com/machship/flag/flag.go:1387.2,1387.8 1 1
github.com/machship/flag/flag.go:1393.35,1394.30 1 1
github.com/machship/flag/flag.go:1394.30,1397.20 3 1
github.com/machship/flag/flag.go:1397.20,1399.4 1 1
github.com/machship/flag/flag.go:1402.3,1402.18 1 1
github.com/machship/flag/flag.go:1402.18,1404.4 1 1
github.com/machship/flag/flag.go:1404.9,1408.4 1 1
github.com/machship/flag/flag.go:1409.3,1410.40 2 1
github.com/machship/flag/flag.go:1410.40,1411.46 1 1
github.com/machship/flag/flag.go:1411.46,1414.5 1 1
github.com/machship/flag/flag.go:1414.10,1416.5 1 1
github.com/machship/flag/flag.go:1418.3,1418.31 1 1
github.com/machship/flag/flag.go:1446.22,1448.2 1 1
github.com/machship/flag/flag.go:1451.31,1452.18 1 1
github.com/machship/flag/flag.go:1452.18,1454.3 1 1
github.com/machship/flag/flag.go:1454.8,1456.3 1 1
github.com/machship/flag/flag.go:1457.2,1457.19 1 1
github.com/machship/flag/flag.go:1469.20,1472.2 2 0
github.com/machship/flag/flag.go:1475.31,1475.55 1 1
github.com/machship/flag/flag.go:1478.18,1478.52 1 1
github.com/machship/flag/flag.go:1483.37,1484.31 1 1
github.com/machship/flag/flag.go:1484.31,1486.3 1 1
github.com/machship/flag/flag.go:1487.2,1487.18 1 1
github.com/machship/flag/flag.go:1493.24,1495.2 1 1
github.com/machship/flag/flag.go:1498.30,1498.52 1 1
github.com/machship/flag/flag.go:1501.17,1501.49 1 1
github.com/machship/flag/flag.go:1504.35,1504.52 1 1
github.com/machship/flag/flag.go:1507.22,1507.49 1 1
github.com/machship/flag/flag.go:1511.75,1513.2 1 1
github.com/machship/flag/flag.go:1517.62,1519.2 1 1
github.com/machship/flag/flag.go:1523.69,1527.2 3 1
github.com/machship/flag/flag.go:1531.56,1533.2 1 1
github.com/machship/flag/flag.go:1537.72,1539.2 1 1
github.com/machship/flag/flag.go:1543.59,1545.2 1 1
github.com/machship/flag/flag.go:1549.66,1553.2 3 1
github.com/machship/flag/flag.go:1557.53,1559.2 1 1
github.com/machship/flag/flag.go:1563.78,1565.2 1 1
github.com/machship/flag/flag.go:1569.65,1571.2 1 1
github.com/machship/flag/flag.go:1575.72,1579.2 3 1
github.com/machship/flag/flag.go:1583.59,1585.2 1 1
github.com/machship/flag/flag.go:1589.75,1591.2 1 1
github.com/machship/flag/flag.go:1595.62,1597.2 1 1
github.com/machship/flag/flag.go:1601.69,1605.2 3 1
github.com/machship/flag/flag.go:1609.56,1611.2 1 1
github.com/machship/flag/flag.go:1615.81,1617.2 1 1
github.com/machship/flag/flag.go:1621.68,1623.2 1 1
github.com/machship/flag/flag.go:1627.75,1631.2 3 1
github.com/machship/flag/flag.go:1635.62,1637.2 1 1
github.com/machship/flag/flag.go:1641.81,1643.2 1 1
github.com/machship/flag/flag.go:1647.68,1649.2 1 1
github.com/machship/flag/flag.go:1653.75,1657.2 3 1
github.com/machship/flag/flag.go:1661.62,1663.2 1 1
github.com/machship/flag/flag.go:1667.84,1669.2 1 1
github.com/machship/flag/flag.go:1673.71,1675.2 1 1
github.com/machship/flag/flag.go:1679.78,1683.2 3 1
github.com/machship/flag/flag.go:1687.65,1689.2 1 1
github.com/machship/flag/flag.go:1694.97,1696.2 1 1
github.com/machship/flag/flag.go:1701.84,1703.2 1 1
github.com/machship/flag/flag.go:1708.91,1712.2 3 1
github.com/machship/flag/flag.go:1717.78,1719.2 1 1
github.com/machship/flag/struct.go:31.31,33.42 2 1
github.com/machship/flag/struct.go:33.42,35.3 1 1
github.com/machship/flag/struct.go:36.2,36.14 1 1
github.com/machship/flag/struct.go:36.14,38.3 1 1
github.com/machship/flag/struct.go:39.2,40.32 2 1
github.com/machship/flag/struct.go:40.32,42.3 1 1
github.com/machship/flag/struct.go:43.2,45.48 3 1
github.com/machship/flag/struct.go:45.48,45.110 1 1
github.com/machship/flag/struct.go:46.2,46.36 1 1
github.com/machship/flag/struct.go:46.36,48.26 2 1
github.com/machship/flag/struct.go:48.26,49.12 1 0
github.com/machship/flag/struct.go:51.3,52.21 2 1
github.com/machship/flag/struct.go:52.21,53.12 1 0
github.com/machship/flag/struct.go:55.3,60.21 5 1
github.com/machship/flag/struct.go:61.36,63.20 2 1
github.com/machship/flag/struct.go:63.20,65.5 1 1
github.com/machship/flag/struct.go:66.4,67.16 2 1
github.com/machship/flag/struct.go:67.16,69.5 1 1
github.com/machship/flag/struct.go:69.10,69.27 1 1
github.com/machship/flag/struct.go:69.27,71.19 2 1
github.com/machship/flag/struct.go:71.19,73.6 1 1
github.com/machship/flag/struct.go:74.5,74.13 1 1
github.com/machship/flag/struct.go:76.4,76.76 1 1
github.com/machship/flag/struct.go:77.42,79.16 2 1
github.com/machship/flag/struct.go:79.16,81.5 1 1
github.com/machship/flag/struct.go:81.10,81.27 1 1
github.com/machship/flag/struct.go:81.27,83.19 2 1
github.com/machship/flag/struct.go:83.19,85.6 1 1
github.com/machship/flag/struct.go:86.5,86.12 1 1
github.com/machship/flag/struct.go:88.4,88.77 1 1
github.com/machship/flag/struct.go:89.36,91.16 2 1
github.com/machship/flag/struct.go:91.16,93.5 1 1
github.com/machship/flag/struct.go:93.10,93.27 1 1
github.com/machship/flag/struct.go:93.27,95.18 2 1
github.com/machship/flag/struct.go:95.18,97.6 1 1
github.com/machship/flag/struct.go:98.5,98.13 1 1
github.com/machship/flag/struct.go:100.4,100.63 1 1
github.com/machship/flag/struct.go:101.36,103.16 2 1
github.com/machship/flag/struct.go:103.16,105.5 1 1
github.com/machship/flag/struct.go:105.10,105.27 1 1
github.com/machship/flag/struct.go:105.27,107.19 2 1
github.com/machship/flag/struct.go:107.19,109.6 1 1
github.com/machship/flag/struct.go:110.5,110.13 1 1
github.com/machship/flag/struct.go:112.4,112.70 1 1
github.com/machship/flag/struct.go:113.37,115.16 2 1
github.com/machship/flag/struct.go:115.16,117.5 1 1
github.com/machship/flag/struct.go:117.10,117.27 1 1
github.com/machship/flag/struct.go:117.27,119.19 2 1
github.com/machship/flag/struct.go:119.19,121.6 1 1
github.com/machship/flag/struct.go:122.5,122.13 1 1
github.com/machship/flag/struct.go:124.4,124.69 1 1
github.com/machship/flag/struct.go:125.36,127.16 2 1
github.com/machship/flag/struct.go:127.16,129.5 1 1
github.com/machship/flag/struct.go:129.10,129.27 1 1
github.com/machship/flag/struct.go:129.27,131.19 2 1
github.com/machship/flag/struct.go:131.19,133.6 1 1
github.com/machship/flag/struct.go:134.5,134.13 1 1
github.com/machship/flag/struct.go:136.4,136.68 1 1
github.com/machship/flag/struct.go:137.36,139.16 2 1
github.com/machship/flag/struct.go:139.16,141.5 1 1
github.com/machship/flag/struct.go:141.10,141.27 1 1
github.com/machship/flag/struct.go:141.27,143.19 2 1
github.com/machship/flag/struct.go:143.19,145.6 1 1
github.com/machship/flag/struct.go:146.5,146.13 1 1
github.com/machship/flag/struct.go:148.4,148.71 1 1
github.com/machship/flag/struct.go:149.45,151.17 2 1
github.com/machship/flag/struct.go:151.17,153.5 1 1
github.com/machship/flag/struct.go:154.4,155.16 2 1
github.com/machship/flag/struct.go:155.16,157.5 1 1
github.com/machship/flag/struct.go:157.10,157.27 1 1
github.com/machship/flag/struct.go:157.27,160.29 3 1
github.com/machship/flag/struct.go:160.29,162.20 2 1
github.com/machship/flag/struct.go:162.20,164.7 1 1
github.com/machship/flag/struct.go:165.6,165.26 1 1
github.com/machship/flag/struct.go:167.5,167.14 1 1
github.com/machship/flag/struct.go:169.4,169.88 1 1
github.com/machship/flag/struct.go:170.47,172.16 2 1
github.com/machship/flag/struct.go:172.16,174.5 1 1
github.com/machship/flag/struct.go:174.10,174.27 1 1
github.com/machship/flag/struct.go:174.27,176.53 2 1
github.com/machship/flag/struct.go:176.53,177.39 1 1
github.com/machship/flag/struct.go:177.39,178.15 1 1
github.com/machship/flag/struct.go:180.6,181.22 2 1
github.com/machship/flag/struct.go:181.22,183.7 1 1
github.com/machship/flag/struct.go:184.6,184.22 1 1
github.com/machship/flag/struct.go:186.5,186.12 1 1
github.com/machship/flag/struct.go:188.4,188.81 1 1
github.com/machship/flag/struct.go:189.42,191.16 2 1
github.com/machship/flag/struct.go:191.16,193.5 1 1
github.com/machship/flag/struct.go:193.10,193.27 1 1
github.com/machship/flag/struct.go:193.27,196.52 3 1
github.com/machship/flag/struct.go:196.52,198.6 1 1
github.com/machship/flag/struct.go:199.5,199.13 1 1
github.com/machship/flag/struct.go:201.4,201.74 1 1
github.com/machship/flag/struct.go:202.46,204.16 2 1
github.com/machship/flag/struct.go:204.16,206.5 1 1
github.com/machship/flag/struct.go:206.10,206.27 1 1
github.com/machship/flag/struct.go:206.27,208.19 2 1
github.com/machship/flag/struct.go:208.19,210.6 1 1
github.com/machship/flag/struct.go:211.5,211.12 1 1
github.com/machship/flag/struct.go:213.4,213.75 1 1
github.com/machship/flag/struct.go:214.11,216.21 1 1
github.com/machship/flag/struct.go:217.22,219.17 2 1
github.com/machship/flag/struct.go:219.17,221.6 1 1
github.com/machship/flag/struct.go:221.11,221.28 1 1
github.com/machship/flag/struct.go:221.28,223.20 2 1
github.com/machship/flag/struct.go:223.20,225.7 1 1
github.com/machship/flag/struct.go:226.6,226.13 1 1
github.com/machship/flag/struct.go:228.5,228.64 1 1
github.com/machship/flag/struct.go:229.21,231.17 2 1
github.com/machship/flag/struct.go:231.17,233.6 1 1
github.com/machship/flag/struct.go:233.11,233.28 1 1
github.com/machship/flag/struct.go:233.28,235.20 2 1
github.com/machship/flag/struct.go:235.20,237.7 1 1
github.com/machship/flag/struct.go:238.6,238.14 1 1
github.com/machship/flag/struct.go:240.5,240.67 1 1
github.com/machship/flag/struct.go:241.23,242.55 1 1
github.com/machship/flag/struct.go:242.55,244.18 2 1
github.com/machship/flag/struct.go:244.18,246.7 1 1
github.com/machship/flag/struct.go:246.12,246.29 1 1
github.com/machship/flag/struct.go:246.29,248.21 2 1
github.com/machship/flag/struct.go:248.21,250.8 1 1
github.com/machship/flag/struct.go:251.7,251.13 1 1
github.com/machship/flag/struct.go:253.6,253.76 1 1
github.com/machship/flag/struct.go:254.11,256.18 2 1
github.com/machship/flag/struct.go:256.18,258.7 1 1
github.com/machship/flag/struct.go:258.12,258.29 1 1
github.com/machship/flag/struct.go:258.29,260.21 2 1
github.com/machship/flag/struct.go:260.21,262.8 1 1
github.com/machship/flag/struct.go:263.7,263.15 1 1
github.com/machship/flag/struct.go:265.6,265.67 1 1
github.com/machship/flag/struct.go:267.22,269.17 2 1
github.com/machship/flag/struct.go:269.17,271.6 1 1
github.com/machship/flag/struct.go:271.11,271.28 1 1
github.com/machship/flag/struct.go:271.28,273.20 2 1
github.com/machship/flag/struct.go:273.20,275.7 1 1
github.com/machship/flag/struct.go:276.6,276.14 1 1
github.com/machship/flag/struct.go:278.5,278.70 1 1
github.com/machship/flag/struct.go:279.24,281.17 2 1
github.com/machship/flag/struct.go:281.17,283.6 1 1
github.com/machship/flag/struct.go:283.11,283.28 1 1
github.com/machship/flag/struct.go:283.28,285.20 2 1
github.com/machship/flag/struct.go:285.20,287.7 1 1
github.com/machship/flag/struct.go:288.6,288.14 1 1
github.com/machship/flag/struct.go:290.5,290.68 1 1
github.com/machship/flag/struct.go:291.24,293.58 2 1
github.com/machship/flag/struct.go:293.58,295.29 2 1
github.com/machship/flag/struct.go:295.29,297.7 1 1
github.com/machship/flag/struct.go:298.6,298.18 1 1
github.com/machship/flag/struct.go:298.18,300.7 1 0
github.com/machship/flag/struct.go:300.12,300.29 1 1
github.com/machship/flag/struct.go:300.29,302.7 1 1
github.com/machship/flag/struct.go:303.6,303.76 1 1
github.com/machship/flag/struct.go:304.11,305.18 1 1
github.com/machship/flag/struct.go:305.18,307.7 1 1
github.com/machship/flag/struct.go:307.12,307.29 1 1
github.com/machship/flag/struct.go:307.29,309.7 1 1
github.com/machship/flag/struct.go:310.6,310.69 1 1
github.com/machship/flag/struct.go:312.25,314.17 2 1
github.com/machship/flag/struct.go:314.17,316.6 1 1
github.com/machship/flag/struct.go:316.11,316.28 1 1
github.com/machship/flag/struct.go:316.28,318.20 2 1
github.com/machship/flag/struct.go:318.20,320.7 1 1
github.com/machship/flag/struct.go:321.6,321.15 1 1
github.com/machship/flag/struct.go:323.5,323.70 1 1
github.com/machship/flag/struct.go:324.12,325.114 1 1
github.com/machship/flag/struct.go:328.3,328.15 1 1
github.com/machship/flag/struct.go:328.15,330.4 1 1
github.com/machship/flag/struct.go:332.2,332.15 1 1
github.com/machship/flag/struct.go:332.15,334.3 1 1
github.com/machship/flag/struct.go:335.2,336.37 2 1
github.com/machship/flag/struct.go:336.37,337.67 1 1
github.com/machship/flag/struct.go:337.67,339.4 1 1
github.com/machship/flag/struct.go:341.2,341.22 1 1
github.com/machship/flag/struct.go:341.22,343.3 1 1
github.com/machship/flag/struct.go:344.2,344.12 1 1
