mode: set
github.com/machship/flag/extras.go:19.52,24.28 3 1
github.com/machship/flag/extras.go:24.28,26.12 2 1
github.com/machship/flag/extras.go:26.12,27.12 1 0
github.com/machship/flag/extras.go:29.3,29.32 1 1
github.com/machship/flag/extras.go:32.2,32.25 1 1
github.com/machship/flag/extras.go:32.25,35.10 3 1
github.com/machship/flag/extras.go:35.10,36.12 1 1
github.com/machship/flag/extras.go:39.3,40.20 2 1
github.com/machship/flag/extras.go:40.20,41.37 1 0
github.com/machship/flag/extras.go:41.37,44.5 2 0
github.com/machship/flag/extras.go:45.4,45.77 1 0
github.com/machship/flag/extras.go:48.3,49.24 2 1
github.com/machship/flag/extras.go:49.24,51.4 1 1
github.com/machship/flag/extras.go:52.3,55.13 3 1
github.com/machship/flag/extras.go:55.13,56.12 1 1
github.com/machship/flag/extras.go:59.3,60.21 2 1
github.com/machship/flag/extras.go:60.21,62.4 1 1
github.com/machship/flag/extras.go:64.3,64.61 1 1
github.com/machship/flag/extras.go:64.61,65.16 1 1
github.com/machship/flag/extras.go:65.16,66.41 1 1
github.com/machship/flag/extras.go:66.41,68.6 1 1
github.com/machship/flag/extras.go:69.10,72.5 1 1
github.com/machship/flag/extras.go:73.9,74.48 1 1
github.com/machship/flag/extras.go:74.48,76.5 1 1
github.com/machship/flag/extras.go:80.3,80.22 1 1
github.com/machship/flag/extras.go:80.22,82.4 1 1
github.com/machship/flag/extras.go:83.3,83.24 1 1
github.com/machship/flag/extras.go:86.2,86.12 1 1
github.com/machship/flag/extras.go:91.96,95.2 3 1
github.com/machship/flag/extras.go:105.48,109.16 2 1
github.com/machship/flag/extras.go:109.16,111.3 1 1
github.com/machship/flag/extras.go:112.2,115.21 3 1
github.com/machship/flag/extras.go:115.21,119.21 2 1
github.com/machship/flag/extras.go:119.21,120.12 1 1
github.com/machship/flag/extras.go:124.3,124.22 1 1
github.com/machship/flag/extras.go:124.22,125.12 1 1
github.com/machship/flag/extras.go:129.3,131.26 3 1
github.com/machship/flag/extras.go:131.26,132.28 1 1
github.com/machship/flag/extras.go:132.28,135.10 3 1
github.com/machship/flag/extras.go:139.3,139.24 1 1
github.com/machship/flag/extras.go:139.24,141.4 1 1
github.com/machship/flag/extras.go:144.3,144.28 1 1
github.com/machship/flag/extras.go:144.28,145.12 1 1
github.com/machship/flag/extras.go:148.3,150.20 3 1
github.com/machship/flag/extras.go:150.20,151.37 1 1
github.com/machship/flag/extras.go:151.37,154.5 2 1
github.com/machship/flag/extras.go:155.4,155.79 1 1
github.com/machship/flag/extras.go:158.3,158.61 1 1
github.com/machship/flag/extras.go:158.61,159.16 1 1
github.com/machship/flag/extras.go:159.16,160.41 1 1
github.com/machship/flag/extras.go:160.41,162.6 1 1
github.com/machship/flag/extras.go:163.10,166.5 1 1
github.com/machship/flag/extras.go:167.9,168.48 1 1
github.com/machship/flag/extras.go:168.48,170.5 1 1
github.com/machship/flag/extras.go:174.3,174.22 1 1
github.com/machship/flag/extras.go:174.22,176.4 1 1
github.com/machship/flag/extras.go:177.3,177.24 1 1
github.com/machship/flag/extras.go:180.2,180.38 1 1
github.com/machship/flag/extras.go:180.38,182.3 1 1
github.com/machship/flag/extras.go:184.2,184.12 1 1
github.com/machship/flag/flag.go:85.49,88.2 2 1
github.com/machship/flag/flag.go:90.41,94.2 3 1
github.com/machship/flag/flag.go:96.39,96.58 1 1
github.com/machship/flag/flag.go:98.37,98.69 1 1
github.com/machship/flag/flag.go:100.39,100.54 1 1
github.com/machship/flag/flag.go:112.45,115.2 2 1
github.com/machship/flag/flag.go:117.40,121.2 3 1
github.com/machship/flag/flag.go:123.38,123.56 1 1
github.com/machship/flag/flag.go:125.36,125.68 1 1
github.com/machship/flag/flag.go:130.53,133.2 2 1
github.com/machship/flag/flag.go:135.42,139.2 3 1
github.com/machship/flag/flag.go:141.40,141.60 1 1
github.com/machship/flag/flag.go:143.38,143.70 1 1
github.com/machship/flag/flag.go:148.49,151.2 2 1
github.com/machship/flag/flag.go:153.41,157.2 3 1
github.com/machship/flag/flag.go:159.39,159.58 1 1
github.com/machship/flag/flag.go:161.37,161.69 1 1
github.com/machship/flag/flag.go:166.57,169.2 2 1
github.com/machship/flag/flag.go:171.43,175.2 3 1
github.com/machship/flag/flag.go:177.41,177.62 1 1
github.com/machship/flag/flag.go:179.39,179.71 1 1
github.com/machship/flag/flag.go:184.57,187.2 2 1
github.com/machship/flag/flag.go:189.45,192.2 2 1
github.com/machship/flag/flag.go:194.41,194.62 1 1
github.com/machship/flag/flag.go:196.39,196.71 1 1
github.com/machship/flag/flag.go:201.61,204.2 2 1
github.com/machship/flag/flag.go:206.44,210.2 3 1
github.com/machship/flag/flag.go:212.42,212.64 1 1
github.com/machship/flag/flag.go:214.40,214.72 1 1
github.com/machship/flag/flag.go:219.75,222.2 2 1
github.com/machship/flag/flag.go:224.45,228.2 3 1
github.com/machship/flag/flag.go:230.43,230.71 1 1
github.com/machship/flag/flag.go:232.41,232.80 1 1
github.com/machship/flag/flag.go:293.48,296.26 3 1
github.com/machship/flag/flag.go:296.26,299.3 2 1
github.com/machship/flag/flag.go:300.2,302.28 3 1
github.com/machship/flag/flag.go:302.28,304.3 1 1
github.com/machship/flag/flag.go:305.2,305.15 1 1
github.com/machship/flag/flag.go:308.35,309.21 1 1
github.com/machship/flag/flag.go:309.21,311.3 1 1
github.com/machship/flag/flag.go:312.2,312.17 1 1
github.com/machship/flag/flag.go:317.47,319.2 1 1
github.com/machship/flag/flag.go:323.44,324.43 1 1
github.com/machship/flag/flag.go:324.43,326.3 1 1
github.com/machship/flag/flag.go:331.31,333.2 1 1
github.com/machship/flag/flag.go:337.41,338.43 1 1
github.com/machship/flag/flag.go:338.43,340.3 1 1
github.com/machship/flag/flag.go:345.28,347.2 1 1
github.com/machship/flag/flag.go:350.45,352.2 1 1
github.com/machship/flag/flag.go:356.32,358.2 1 1
github.com/machship/flag/flag.go:361.49,363.9 2 1
github.com/machship/flag/flag.go:363.9,365.3 1 1
github.com/machship/flag/flag.go:366.2,367.16 2 1
github.com/machship/flag/flag.go:367.16,369.3 1 1
github.com/machship/flag/flag.go:370.2,370.21 1 1
github.com/machship/flag/flag.go:370.21,372.3 1 1
github.com/machship/flag/flag.go:373.2,374.12 2 1
github.com/machship/flag/flag.go:378.36,380.2 1 1
github.com/machship/flag/flag.go:384.49,390.31 3 1
github.com/machship/flag/flag.go:390.31,392.3 1 1
github.com/machship/flag/flag.go:392.8,394.3 1 1
github.com/machship/flag/flag.go:395.2,395.45 1 1
github.com/machship/flag/flag.go:395.45,397.3 1 1
github.com/machship/flag/flag.go:399.2,399.15 1 1
github.com/machship/flag/flag.go:400.15,401.14 1 0
github.com/machship/flag/flag.go:402.10,403.14 1 0
github.com/machship/flag/flag.go:404.11,405.14 1 1
github.com/machship/flag/flag.go:407.2,407.14 1 1
github.com/machship/flag/flag.go:415.59,418.34 2 1
github.com/machship/flag/flag.go:418.34,419.22 1 1
github.com/machship/flag/flag.go:419.22,420.40 1 1
github.com/machship/flag/flag.go:420.40,421.24 1 1
github.com/machship/flag/flag.go:421.24,425.6 3 1
github.com/machship/flag/flag.go:427.4,427.9 1 1
github.com/machship/flag/flag.go:431.2,432.27 2 1
github.com/machship/flag/flag.go:433.16,434.12 1 1
github.com/machship/flag/flag.go:435.22,436.20 1 1
github.com/machship/flag/flag.go:437.21,438.17 1 1
github.com/machship/flag/flag.go:439.30,440.15 1 1
github.com/machship/flag/flag.go:441.20,442.18 1 1
github.com/machship/flag/flag.go:443.32,444.16 1 1
github.com/machship/flag/flag.go:446.2,446.8 1 1
github.com/machship/flag/flag.go:452.35,453.30 1 1
github.com/machship/flag/flag.go:453.30,456.20 3 1
github.com/machship/flag/flag.go:456.20,458.4 1 1
github.com/machship/flag/flag.go:461.3,461.18 1 1
github.com/machship/flag/flag.go:461.18,463.4 1 1
github.com/machship/flag/flag.go:463.9,467.4 1 1
github.com/machship/flag/flag.go:468.3,469.40 2 1
github.com/machship/flag/flag.go:469.40,470.46 1 1
github.com/machship/flag/flag.go:470.46,473.5 1 1
github.com/machship/flag/flag.go:473.10,475.5 1 1
github.com/machship/flag/flag.go:477.3,477.31 1 1
github.com/machship/flag/flag.go:500.22,502.2 1 1
github.com/machship/flag/flag.go:505.31,506.18 1 1
github.com/machship/flag/flag.go:506.18,508.3 1 1
github.com/machship/flag/flag.go:508.8,510.3 1 1
github.com/machship/flag/flag.go:511.2,511.19 1 1
github.com/machship/flag/flag.go:523.20,526.2 2 0
github.com/machship/flag/flag.go:529.31,529.55 1 1
github.com/machship/flag/flag.go:532.18,532.52 1 1
github.com/machship/flag/flag.go:537.37,538.31 1 1
github.com/machship/flag/flag.go:538.31,540.3 1 1
github.com/machship/flag/flag.go:541.2,541.18 1 1
github.com/machship/flag/flag.go:547.24,549.2 1 1
github.com/machship/flag/flag.go:552.30,552.52 1 1
github.com/machship/flag/flag.go:555.17,555.49 1 1
github.com/machship/flag/flag.go:558.35,558.52 1 1
github.com/machship/flag/flag.go:561.22,561.49 1 1
github.com/machship/flag/flag.go:565.75,567.2 1 1
github.com/machship/flag/flag.go:571.62,573.2 1 1
github.com/machship/flag/flag.go:577.69,581.2 3 1
github.com/machship/flag/flag.go:585.56,587.2 1 1
github.com/machship/flag/flag.go:591.72,593.2 1 1
github.com/machship/flag/flag.go:597.59,599.2 1 1
github.com/machship/flag/flag.go:603.66,607.2 3 1
github.com/machship/flag/flag.go:611.53,613.2 1 1
github.com/machship/flag/flag.go:617.78,619.2 1 1
github.com/machship/flag/flag.go:623.65,625.2 1 1
github.com/machship/flag/flag.go:629.72,633.2 3 1
github.com/machship/flag/flag.go:637.59,639.2 1 1
github.com/machship/flag/flag.go:643.75,645.2 1 1
github.com/machship/flag/flag.go:649.62,651.2 1 1
github.com/machship/flag/flag.go:655.69,659.2 3 1
github.com/machship/flag/flag.go:663.56,665.2 1 1
github.com/machship/flag/flag.go:669.81,671.2 1 1
github.com/machship/flag/flag.go:675.68,677.2 1 1
github.com/machship/flag/flag.go:681.75,685.2 3 1
github.com/machship/flag/flag.go:689.62,691.2 1 1
github.com/machship/flag/flag.go:695.81,697.2 1 1
github.com/machship/flag/flag.go:701.68,703.2 1 1
github.com/machship/flag/flag.go:707.75,711.2 3 1
github.com/machship/flag/flag.go:715.62,717.2 1 1
github.com/machship/flag/flag.go:721.84,723.2 1 1
github.com/machship/flag/flag.go:727.71,729.2 1 1
github.com/machship/flag/flag.go:733.78,737.2 3 1
github.com/machship/flag/flag.go:741.65,743.2 1 1
github.com/machship/flag/flag.go:748.97,750.2 1 1
github.com/machship/flag/flag.go:755.84,757.2 1 1
github.com/machship/flag/flag.go:762.91,766.2 3 1
github.com/machship/flag/flag.go:771.78,773.2 1 1
github.com/machship/flag/flag.go:781.63,785.18 3 1
github.com/machship/flag/flag.go:785.18,787.19 2 1
github.com/machship/flag/flag.go:787.19,789.4 1 1
github.com/machship/flag/flag.go:789.9,791.4 1 1
github.com/machship/flag/flag.go:792.3,793.13 2 1
github.com/machship/flag/flag.go:795.2,795.21 1 1
github.com/machship/flag/flag.go:795.21,797.3 1 1
github.com/machship/flag/flag.go:798.2,798.23 1 1
github.com/machship/flag/flag.go:807.50,809.2 1 1
github.com/machship/flag/flag.go:813.64,818.2 4 1
github.com/machship/flag/flag.go:822.27,823.20 1 1
github.com/machship/flag/flag.go:823.20,824.23 1 1
github.com/machship/flag/flag.go:824.23,826.4 1 1
github.com/machship/flag/flag.go:826.9,828.4 1 1
github.com/machship/flag/flag.go:829.8,831.3 1 1
github.com/machship/flag/flag.go:835.44,836.22 1 1
github.com/machship/flag/flag.go:836.22,838.3 1 1
github.com/machship/flag/flag.go:839.2,840.47 2 1
github.com/machship/flag/flag.go:840.47,842.3 1 1
github.com/machship/flag/flag.go:843.2,844.17 2 1
github.com/machship/flag/flag.go:844.17,846.18 2 1
github.com/machship/flag/flag.go:846.18,849.4 2 1
github.com/machship/flag/flag.go:851.2,852.56 2 1
github.com/machship/flag/flag.go:852.56,854.3 1 1
github.com/machship/flag/flag.go:857.2,857.38 1 1
github.com/machship/flag/flag.go:857.38,859.3 1 1
github.com/machship/flag/flag.go:862.2,865.33 4 1
github.com/machship/flag/flag.go:865.33,866.21 1 1
github.com/machship/flag/flag.go:866.21,870.9 4 1
github.com/machship/flag/flag.go:873.2,875.19 3 1
github.com/machship/flag/flag.go:875.19,876.36 1 1
github.com/machship/flag/flag.go:876.36,879.4 2 1
github.com/machship/flag/flag.go:880.3,880.68 1 1
github.com/machship/flag/flag.go:882.2,882.60 1 1
github.com/machship/flag/flag.go:882.60,883.15 1 1
github.com/machship/flag/flag.go:883.15,884.40 1 1
github.com/machship/flag/flag.go:884.40,886.5 1 1
github.com/machship/flag/flag.go:887.9,888.41 1 1
github.com/machship/flag/flag.go:888.41,890.5 1 1
github.com/machship/flag/flag.go:892.8,894.35 1 1
github.com/machship/flag/flag.go:894.35,898.4 2 1
github.com/machship/flag/flag.go:899.3,899.16 1 1
github.com/machship/flag/flag.go:899.16,901.4 1 1
github.com/machship/flag/flag.go:902.3,902.47 1 1
github.com/machship/flag/flag.go:902.47,904.4 1 1
github.com/machship/flag/flag.go:906.2,906.21 1 1
github.com/machship/flag/flag.go:906.21,908.3 1 1
github.com/machship/flag/flag.go:909.2,910.18 2 1
github.com/machship/flag/flag.go:917.51,920.6 3 1
github.com/machship/flag/flag.go:920.6,922.11 2 1
github.com/machship/flag/flag.go:922.11,923.12 1 1
github.com/machship/flag/flag.go:925.3,925.17 1 1
github.com/machship/flag/flag.go:925.17,926.9 1 1
github.com/machship/flag/flag.go:928.3,928.26 1 1
github.com/machship/flag/flag.go:929.24,930.14 1 1
github.com/machship/flag/flag.go:931.20,932.14 1 0
github.com/machship/flag/flag.go:933.21,934.14 1 0
github.com/machship/flag/flag.go:939.2,939.49 1 1
github.com/machship/flag/flag.go:939.49,940.26 1 1
github.com/machship/flag/flag.go:941.24,942.14 1 1
github.com/machship/flag/flag.go:943.20,944.14 1 0
github.com/machship/flag/flag.go:945.21,946.14 1 0
github.com/machship/flag/flag.go:948.3,948.13 1 0
github.com/machship/flag/flag.go:952.2,953.54 2 1
github.com/machship/flag/flag.go:953.54,955.3 1 1
github.com/machship/flag/flag.go:956.2,956.54 1 1
github.com/machship/flag/flag.go:956.54,958.3 1 1
github.com/machship/flag/flag.go:959.2,959.17 1 1
github.com/machship/flag/flag.go:959.17,960.44 1 1
github.com/machship/flag/flag.go:960.44,961.27 1 1
github.com/machship/flag/flag.go:962.25,963.15 1 1
github.com/machship/flag/flag.go:964.21,965.15 1 0
github.com/machship/flag/flag.go:966.22,967.15 1 0
github.com/machship/flag/flag.go:969.4,969.14 1 0
github.com/machship/flag/flag.go:973.2,973.12 1 1
github.com/machship/flag/flag.go:977.33,979.2 1 1
github.com/machship/flag/flag.go:983.14,986.2 1 1
github.com/machship/flag/flag.go:989.20,991.2 1 1
github.com/machship/flag/flag.go:1000.68,1006.2 2 1
github.com/machship/flag/flag.go:1011.66,1015.2 3 1
github.com/machship/flag/struct.go:24.31,27.42 2 1
github.com/machship/flag/struct.go:27.42,29.3 1 1
github.com/machship/flag/struct.go:31.2,31.14 1 1
github.com/machship/flag/struct.go:31.14,33.3 1 1
github.com/machship/flag/struct.go:34.2,35.32 2 1
github.com/machship/flag/struct.go:35.32,37.3 1 1
github.com/machship/flag/struct.go:39.2,42.36 3 1
github.com/machship/flag/struct.go:42.36,45.26 2 1
github.com/machship/flag/struct.go:45.26,46.12 1 0
github.com/machship/flag/struct.go:48.3,49.21 2 1
github.com/machship/flag/struct.go:49.21,50.12 1 0
github.com/machship/flag/struct.go:52.3,60.40 5 1
github.com/machship/flag/struct.go:60.40,60.107 1 1
github.com/machship/flag/struct.go:62.3,62.20 1 1
github.com/machship/flag/struct.go:63.21,65.16 2 1
github.com/machship/flag/struct.go:65.16,67.5 1 1
github.com/machship/flag/struct.go:67.10,67.31 1 1
github.com/machship/flag/struct.go:67.31,69.19 2 1
github.com/machship/flag/struct.go:69.19,71.6 1 1
github.com/machship/flag/struct.go:72.5,72.14 1 0
github.com/machship/flag/struct.go:74.4,74.63 1 1
github.com/machship/flag/struct.go:75.20,77.16 2 1
github.com/machship/flag/struct.go:77.16,79.5 1 1
github.com/machship/flag/struct.go:79.10,79.31 1 1
github.com/machship/flag/struct.go:79.31,81.19 2 1
github.com/machship/flag/struct.go:81.19,83.6 1 1
github.com/machship/flag/struct.go:84.5,84.14 1 1
github.com/machship/flag/struct.go:86.4,86.66 1 1
github.com/machship/flag/struct.go:87.22,89.54 1 1
github.com/machship/flag/struct.go:89.54,91.17 2 1
github.com/machship/flag/struct.go:91.17,93.6 1 1
github.com/machship/flag/struct.go:93.11,93.32 1 1
github.com/machship/flag/struct.go:93.32,95.20 2 1
github.com/machship/flag/struct.go:95.20,97.7 1 1
github.com/machship/flag/struct.go:98.6,98.15 1 1
github.com/machship/flag/struct.go:100.5,100.77 1 1
github.com/machship/flag/struct.go:101.10,103.17 2 1
github.com/machship/flag/struct.go:103.17,105.6 1 1
github.com/machship/flag/struct.go:105.11,105.32 1 1
github.com/machship/flag/struct.go:105.32,107.20 2 1
github.com/machship/flag/struct.go:107.20,109.7 1 0
github.com/machship/flag/struct.go:110.6,110.15 1 1
github.com/machship/flag/struct.go:112.5,112.66 1 1
github.com/machship/flag/struct.go:114.21,116.16 2 1
github.com/machship/flag/struct.go:116.16,118.5 1 1
github.com/machship/flag/struct.go:118.10,118.31 1 0
github.com/machship/flag/struct.go:118.31,120.19 2 0
github.com/machship/flag/struct.go:120.19,122.6 1 0
github.com/machship/flag/struct.go:123.5,123.14 1 0
github.com/machship/flag/struct.go:125.4,125.69 1 1
github.com/machship/flag/struct.go:126.23,128.16 2 1
github.com/machship/flag/struct.go:128.16,130.5 1 1
github.com/machship/flag/struct.go:130.10,130.31 1 1
github.com/machship/flag/struct.go:130.31,132.19 2 1
github.com/machship/flag/struct.go:132.19,134.6 1 0
github.com/machship/flag/struct.go:135.5,135.14 1 1
github.com/machship/flag/struct.go:137.4,137.67 1 1
github.com/machship/flag/struct.go:138.23,140.16 2 1
github.com/machship/flag/struct.go:140.16,142.5 1 1
github.com/machship/flag/struct.go:142.10,142.31 1 1
github.com/machship/flag/struct.go:142.31,144.5 1 1
github.com/machship/flag/struct.go:145.4,145.67 1 1
github.com/machship/flag/struct.go:146.24,148.16 2 1
github.com/machship/flag/struct.go:148.16,150.5 1 1
github.com/machship/flag/struct.go:150.10,150.31 1 1
github.com/machship/flag/struct.go:150.31,152.19 2 1
github.com/machship/flag/struct.go:152.19,154.6 1 0
github.com/machship/flag/struct.go:155.5,155.14 1 1
github.com/machship/flag/struct.go:157.4,157.69 1 1
github.com/machship/flag/struct.go:158.11,159.106 1 1
github.com/machship/flag/struct.go:162.3,162.15 1 1
github.com/machship/flag/struct.go:162.15,164.4 1 1
github.com/machship/flag/struct.go:169.2,169.15 1 1
github.com/machship/flag/struct.go:169.15,171.3 1 1
github.com/machship/flag/struct.go:174.2,175.37 2 1
github.com/machship/flag/struct.go:175.37,176.67 1 1
github.com/machship/flag/struct.go:176.67,178.4 1 1
github.com/machship/flag/struct.go:180.2,180.22 1 1
github.com/machship/flag/struct.go:180.22,182.3 1 1
github.com/machship/flag/struct.go:183.2,183.12 1 1
